#
# A fatal error has been detected by the Java Runtime Environment:
#
#  EXCEPTION_ACCESS_VIOLATION (0xc0000005) at pc=0x0000000002b16b71, pid=154848, tid=0x0000000000031e74
#
# JRE version: Java(TM) SE Runtime Environment (8.0_202-b08) (build 1.8.0_202-b08)
# Java VM: Java HotSpot(TM) 64-Bit Server VM (25.202-b08 mixed mode windows-amd64 compressed oops)
# Problematic frame:
# j  org.apache.maven.model.profile.DefaultProfileActivationContext.toMap(Ljava/util/Properties;)Ljava/util/Map;+31
#
# Failed to write core dump. Minidumps are not enabled by default on client versions of Windows
#
# If you would like to submit a bug report, please visit:
#   http://bugreport.java.com/bugreport/crash.jsp
#

---------------  T H R E A D  ---------------

Current thread (0x00000000029f2800):  JavaThread "main" [_thread_in_Java, id=204404, stack(0x00000000027f0000,0x00000000028f0000)]

siginfo: ExceptionCode=0xc0000005, reading address 0x00000000d07ad9f8

Registers:
RAX=0x00000001000016d0, RBX=0x0000000000000012, RCX=0x000000001b006a28, RDX=0x00000000d07ad9f0
RSP=0x00000000028edd10, RBP=0x00000000028edd50, RSI=0x0000000000000000, RDI=0x0000000000000021
R8 =0x0000000011a97000, R9 =0x00000000d84c9e80, R10=0x00000000718f06f0, R11=0x00000000d07ad9f0
R12=0x0000000000000000, R13=0x000000001b007b3c, R14=0x00000000028edd80, R15=0x00000000029f2800
RIP=0x0000000002b16b71, EFLAGS=0x0000000000010246

Top of Stack: (sp=0x00000000028edd10)
0x00000000028edd10:   00000000028edd10 000000001b007b37
0x00000000028edd20:   00000000028edd80 000000001b213398
0x00000000028edd30:   0000000000000000 000000001b007ba8
0x00000000028edd40:   0000000000000000 00000000028edd78
0x00000000028edd50:   00000000028eddd0 0000000002af80e0
0x00000000028edd60:   00000000daebe9f0 00000000d84cfec0
0x00000000028edd70:   00000000d84cfe90 00000000d84c9e50
0x00000000028edd80:   00000000d8496e90 00000000d8496e90
0x00000000028edd90:   00000000028edd90 000000001b007a3f
0x00000000028edda0:   00000000028edde8 000000001b213398
0x00000000028eddb0:   0000000000000000 000000001b007a78
0x00000000028eddc0:   00000000028edd78 00000000028edde0
0x00000000028eddd0:   00000000028ede30 0000000002af80e0
0x00000000028edde0:   00000000d84c9e50 00000000d8496e90
0x00000000028eddf0:   00000000028eddf0 000000001affcc5b
0x00000000028ede00:   00000000028eded8 000000001b001658 

Instructions: (pc=0x0000000002b16b71)
0x0000000002b16b51:   40 02 00 00 49 ba 00 00 00 00 00 00 00 00 4d 89
0x0000000002b16b61:   97 40 02 00 00 5a eb 08 48 8b d0 48 8b 44 d9 50
0x0000000002b16b71:   8b 5a 08 48 c1 e3 03 48 8b 4d e0 48 85 c9 0f 84
0x0000000002b16b81:   8a 00 00 00 48 8b 79 10 48 3b fb 0f 85 0f 00 00 


Register to memory mapping:

RAX=0x00000001000016d0 is pointing into metadata
RBX=0x0000000000000012 is an unknown value
RCX=0x000000001b006a28 is pointing into metadata
RDX=0x00000000d07ad9f0 is an unallocated location in the heap
RSP=0x00000000028edd10 is pointing into the stack for thread: 0x00000000029f2800
RBP=0x00000000028edd50 is pointing into the stack for thread: 0x00000000029f2800
RSI=0x0000000000000000 is an unknown value
RDI=0x0000000000000021 is an unknown value
R8 =0x0000000011a97000 is an unknown value
R9 =0x00000000d84c9e80 is an oop
[Ljava.util.Hashtable$Entry; 
 - klass: 'java/util/Hashtable$Entry'[]
 - length: 47
R10=0x00000000718f06f0 is an unknown value
R11=0x00000000d07ad9f0 is an unallocated location in the heap
R12=0x0000000000000000 is an unknown value
R13=0x000000001b007b3c is pointing into metadata
R14=0x00000000028edd80 is pointing into the stack for thread: 0x00000000029f2800
R15=0x00000000029f2800 is a thread


Stack: [0x00000000027f0000,0x00000000028f0000],  sp=0x00000000028edd10,  free space=1015k
Native frames: (J=compiled Java code, j=interpreted, Vv=VM code, C=native code)
C  0x0000000002b16b71


---------------  P R O C E S S  ---------------

Java Threads: ( => current thread )
  0x00000000189ce000 JavaThread "Service Thread" daemon [_thread_blocked, id=208820, stack(0x0000000019300000,0x0000000019400000)]
  0x0000000018938000 JavaThread "C1 CompilerThread2" daemon [_thread_blocked, id=125552, stack(0x0000000019200000,0x0000000019300000)]
  0x000000001892e800 JavaThread "C2 CompilerThread1" daemon [_thread_in_native, id=207948, stack(0x0000000019100000,0x0000000019200000)]
  0x000000001892c800 JavaThread "C2 CompilerThread0" daemon [_thread_blocked, id=204496, stack(0x0000000019000000,0x0000000019100000)]
  0x0000000018920000 JavaThread "Monitor Ctrl-Break" daemon [_thread_in_native, id=207368, stack(0x0000000018f00000,0x0000000019000000)]
  0x000000001754f800 JavaThread "Attach Listener" daemon [_thread_blocked, id=210376, stack(0x0000000018e00000,0x0000000018f00000)]
  0x0000000018908800 JavaThread "Signal Dispatcher" daemon [_thread_blocked, id=59620, stack(0x0000000018d00000,0x0000000018e00000)]
  0x0000000002aec800 JavaThread "Finalizer" daemon [_thread_blocked, id=198672, stack(0x00000000187a0000,0x00000000188a0000)]
  0x0000000002ae4000 JavaThread "Reference Handler" daemon [_thread_blocked, id=210004, stack(0x00000000186a0000,0x00000000187a0000)]
=>0x00000000029f2800 JavaThread "main" [_thread_in_Java, id=204404, stack(0x00000000027f0000,0x00000000028f0000)]

Other Threads:
  0x0000000017507800 VMThread [stack: 0x00000000185a0000,0x00000000186a0000] [id=207980]
  0x00000000189d4800 WatcherThread [stack: 0x0000000019400000,0x0000000019500000] [id=201904]

VM state:not at safepoint (normal execution)

VM Mutex/Monitor currently owned by a thread: None

heap address: 0x0000000083200000, size: 1998 MB, Compressed Oops mode: 32-bit
Narrow klass base: 0x0000000000000000, Narrow klass shift: 3
Compressed class space size: 1073741824 Address: 0x0000000100000000

Heap:
 PSYoungGen      total 70656K, used 37811K [0x00000000d6600000, 0x00000000db000000, 0x0000000100000000)
  eden space 65536K, 49% used [0x00000000d6600000,0x00000000d85f0d20,0x00000000da600000)
  from space 5120K, 99% used [0x00000000dab00000,0x00000000daffc020,0x00000000db000000)
  to   space 5120K, 0% used [0x00000000da600000,0x00000000da600000,0x00000000dab00000)
 ParOldGen       total 86016K, used 6866K [0x0000000083200000, 0x0000000088600000, 0x00000000d6600000)
  object space 86016K, 7% used [0x0000000083200000,0x00000000838b4ad8,0x0000000088600000)
 Metaspace       used 17622K, capacity 17988K, committed 18176K, reserved 1064960K
  class space    used 2088K, capacity 2184K, committed 2304K, reserved 1048576K

Card table byte_map: [0x0000000011eb0000,0x00000000122a0000] byte_map_base: 0x0000000011a97000

Marking Bits: (ParMarkBitMap*) 0x0000000071905ce0
 Begin Bits: [0x0000000012940000, 0x0000000014878000)
 End Bits:   [0x0000000014878000, 0x00000000167b0000)

Polling page: 0x00000000007d0000

CodeCache: size=245760Kb used=9913Kb max_used=9928Kb free=235846Kb
 bounds [0x0000000002af0000, 0x00000000034b0000, 0x0000000011af0000]
 total_blobs=3216 nmethods=2834 adapters=294
 compilation: enabled

Compilation events (10 events):
Event: 3.335 Thread 0x0000000018938000 nmethod 2830 0x00000000034a3450 code [0x00000000034a35c0, 0x00000000034a37e8]
Event: 3.335 Thread 0x0000000018938000 2834       3       org.eclipse.aether.DefaultRepositorySystemSession::failIfReadOnly (18 bytes)
Event: 3.335 Thread 0x0000000018938000 nmethod 2834 0x00000000034a3890 code [0x00000000034a3a00, 0x00000000034a3c68]
Event: 3.335 Thread 0x0000000018938000 2835       3       org.apache.maven.ReactorReader::findArtifact (77 bytes)
Event: 3.335 Thread 0x0000000018938000 nmethod 2835 0x00000000034a3d50 code [0x00000000034a3f40, 0x00000000034a47a8]
Event: 3.335 Thread 0x0000000018938000 2833       1       org.apache.maven.artifact.DefaultArtifact::getVersion (5 bytes)
Event: 3.335 Thread 0x0000000018938000 nmethod 2833 0x00000000034a4a50 code [0x00000000034a4ba0, 0x00000000034a4cb0]
Event: 3.335 Thread 0x0000000018938000 2836       3       java.lang.Math::max (12 bytes)
Event: 3.336 Thread 0x0000000018938000 nmethod 2836 0x00000000034a4d10 code [0x00000000034a4e60, 0x00000000034a4ff0]
Event: 3.350 Thread 0x000000001892c800 nmethod 2832 0x00000000034a8b50 code [0x00000000034a8d60, 0x00000000034a9b90]

GC Heap History (8 events):
Event: 0.971 GC heap before
{Heap before GC invocations=1 (full 0):
 PSYoungGen      total 37888K, used 32768K [0x00000000d6600000, 0x00000000d9000000, 0x0000000100000000)
  eden space 32768K, 100% used [0x00000000d6600000,0x00000000d8600000,0x00000000d8600000)
  from space 5120K, 0% used [0x00000000d8b00000,0x00000000d8b00000,0x00000000d9000000)
  to   space 5120K, 0% used [0x00000000d8600000,0x00000000d8600000,0x00000000d8b00000)
 ParOldGen       total 86016K, used 0K [0x0000000083200000, 0x0000000088600000, 0x00000000d6600000)
  object space 86016K, 0% used [0x0000000083200000,0x0000000083200000,0x0000000088600000)
 Metaspace       used 8794K, capacity 8968K, committed 9088K, reserved 1056768K
  class space    used 1062K, capacity 1116K, committed 1152K, reserved 1048576K
Event: 0.979 GC heap after
Heap after GC invocations=1 (full 0):
 PSYoungGen      total 37888K, used 5091K [0x00000000d6600000, 0x00000000d9000000, 0x0000000100000000)
  eden space 32768K, 0% used [0x00000000d6600000,0x00000000d6600000,0x00000000d8600000)
  from space 5120K, 99% used [0x00000000d8600000,0x00000000d8af8dc0,0x00000000d8b00000)
  to   space 5120K, 0% used [0x00000000d8b00000,0x00000000d8b00000,0x00000000d9000000)
 ParOldGen       total 86016K, used 170K [0x0000000083200000, 0x0000000088600000, 0x00000000d6600000)
  object space 86016K, 0% used [0x0000000083200000,0x000000008322ab48,0x0000000088600000)
 Metaspace       used 8794K, capacity 8968K, committed 9088K, reserved 1056768K
  class space    used 1062K, capacity 1116K, committed 1152K, reserved 1048576K
}
Event: 1.328 GC heap before
{Heap before GC invocations=2 (full 0):
 PSYoungGen      total 37888K, used 37859K [0x00000000d6600000, 0x00000000d9000000, 0x0000000100000000)
  eden space 32768K, 100% used [0x00000000d6600000,0x00000000d8600000,0x00000000d8600000)
  from space 5120K, 99% used [0x00000000d8600000,0x00000000d8af8dc0,0x00000000d8b00000)
  to   space 5120K, 0% used [0x00000000d8b00000,0x00000000d8b00000,0x00000000d9000000)
 ParOldGen       total 86016K, used 170K [0x0000000083200000, 0x0000000088600000, 0x00000000d6600000)
  object space 86016K, 0% used [0x0000000083200000,0x000000008322ab48,0x0000000088600000)
 Metaspace       used 11809K, capacity 12106K, committed 12416K, reserved 1060864K
  class space    used 1459K, capacity 1543K, committed 1664K, reserved 1048576K
Event: 1.335 GC heap after
Heap after GC invocations=2 (full 0):
 PSYoungGen      total 37888K, used 5108K [0x00000000d6600000, 0x00000000db000000, 0x0000000100000000)
  eden space 32768K, 0% used [0x00000000d6600000,0x00000000d6600000,0x00000000d8600000)
  from space 5120K, 99% used [0x00000000d8b00000,0x00000000d8ffd060,0x00000000d9000000)
  to   space 5120K, 0% used [0x00000000d8600000,0x00000000d8600000,0x00000000d8b00000)
 ParOldGen       total 86016K, used 1736K [0x0000000083200000, 0x0000000088600000, 0x00000000d6600000)
  object space 86016K, 2% used [0x0000000083200000,0x00000000833b23e8,0x0000000088600000)
 Metaspace       used 11809K, capacity 12106K, committed 12416K, reserved 1060864K
  class space    used 1459K, capacity 1543K, committed 1664K, reserved 1048576K
}
Event: 1.998 GC heap before
{Heap before GC invocations=3 (full 0):
 PSYoungGen      total 37888K, used 37876K [0x00000000d6600000, 0x00000000db000000, 0x0000000100000000)
  eden space 32768K, 100% used [0x00000000d6600000,0x00000000d8600000,0x00000000d8600000)
  from space 5120K, 99% used [0x00000000d8b00000,0x00000000d8ffd060,0x00000000d9000000)
  to   space 5120K, 0% used [0x00000000d8600000,0x00000000d8600000,0x00000000d8b00000)
 ParOldGen       total 86016K, used 1736K [0x0000000083200000, 0x0000000088600000, 0x00000000d6600000)
  object space 86016K, 2% used [0x0000000083200000,0x00000000833b23e8,0x0000000088600000)
 Metaspace       used 15481K, capacity 15778K, committed 16128K, reserved 1062912K
  class space    used 1895K, capacity 2005K, committed 2048K, reserved 1048576K
Event: 2.011 GC heap after
Heap after GC invocations=3 (full 0):
 PSYoungGen      total 37888K, used 5104K [0x00000000d6600000, 0x00000000db000000, 0x0000000100000000)
  eden space 32768K, 0% used [0x00000000d6600000,0x00000000d6600000,0x00000000d8600000)
  from space 5120K, 99% used [0x00000000d8600000,0x00000000d8afc040,0x00000000d8b00000)
  to   space 5120K, 0% used [0x00000000dab00000,0x00000000dab00000,0x00000000db000000)
 ParOldGen       total 86016K, used 4883K [0x0000000083200000, 0x0000000088600000, 0x00000000d6600000)
  object space 86016K, 5% used [0x0000000083200000,0x00000000836c4c38,0x0000000088600000)
 Metaspace       used 15481K, capacity 15778K, committed 16128K, reserved 1062912K
  class space    used 1895K, capacity 2005K, committed 2048K, reserved 1048576K
}
Event: 2.675 GC heap before
{Heap before GC invocations=4 (full 0):
 PSYoungGen      total 37888K, used 37872K [0x00000000d6600000, 0x00000000db000000, 0x0000000100000000)
  eden space 32768K, 100% used [0x00000000d6600000,0x00000000d8600000,0x00000000d8600000)
  from space 5120K, 99% used [0x00000000d8600000,0x00000000d8afc040,0x00000000d8b00000)
  to   space 5120K, 0% used [0x00000000dab00000,0x00000000dab00000,0x00000000db000000)
 ParOldGen       total 86016K, used 4883K [0x0000000083200000, 0x0000000088600000, 0x00000000d6600000)
  object space 86016K, 5% used [0x0000000083200000,0x00000000836c4c38,0x0000000088600000)
 Metaspace       used 15998K, capacity 16334K, committed 16640K, reserved 1064960K
  class space    used 1930K, capacity 2039K, committed 2048K, reserved 1048576K
Event: 2.686 GC heap after
Heap after GC invocations=4 (full 0):
 PSYoungGen      total 70656K, used 5104K [0x00000000d6600000, 0x00000000db000000, 0x0000000100000000)
  eden space 65536K, 0% used [0x00000000d6600000,0x00000000d6600000,0x00000000da600000)
  from space 5120K, 99% used [0x00000000dab00000,0x00000000daffc020,0x00000000db000000)
  to   space 5120K, 0% used [0x00000000da600000,0x00000000da600000,0x00000000dab00000)
 ParOldGen       total 86016K, used 6866K [0x0000000083200000, 0x0000000088600000, 0x00000000d6600000)
  object space 86016K, 7% used [0x0000000083200000,0x00000000838b4ad8,0x0000000088600000)
 Metaspace       used 15998K, capacity 16334K, committed 16640K, reserved 1064960K
  class space    used 1930K, capacity 2039K, committed 2048K, reserved 1048576K
}

Deoptimization events (10 events):
Event: 2.778 Thread 0x00000000029f2800 Uncommon trap: reason=bimorphic action=maybe_recompile pc=0x00000000030d3a8c method=java.util.regex.Pattern$CharProperty.match(Ljava/util/regex/Matcher;ILjava/lang/CharSequence;)Z @ 37
Event: 2.937 Thread 0x00000000029f2800 Uncommon trap: reason=unstable_if action=reinterpret pc=0x000000000311919c method=java.util.LinkedHashMap.afterNodeInsertion(Z)V @ 18
Event: 3.110 Thread 0x00000000029f2800 Uncommon trap: reason=unstable_if action=reinterpret pc=0x00000000032a96a4 method=org.codehaus.plexus.util.xml.pull.MXParser.parseAttribute()C @ 995
Event: 3.223 Thread 0x00000000029f2800 Uncommon trap: reason=bimorphic action=maybe_recompile pc=0x00000000030a4bd4 method=java.util.concurrent.ConcurrentHashMap.get(Ljava/lang/Object;)Ljava/lang/Object; @ 149
Event: 3.228 Thread 0x00000000029f2800 Uncommon trap: reason=bimorphic action=maybe_recompile pc=0x00000000030a4bd4 method=java.util.concurrent.ConcurrentHashMap.get(Ljava/lang/Object;)Ljava/lang/Object; @ 149
Event: 3.242 Thread 0x00000000029f2800 Uncommon trap: reason=unstable_if action=reinterpret pc=0x000000000332adb4 method=org.eclipse.sisu.plexus.RealmFilteredBeans$FilteredItr.hasNext()Z @ 44
Event: 3.282 Thread 0x00000000029f2800 Uncommon trap: reason=bimorphic action=maybe_recompile pc=0x00000000030d3a8c method=java.util.regex.Pattern$CharProperty.match(Ljava/util/regex/Matcher;ILjava/lang/CharSequence;)Z @ 37
Event: 3.292 Thread 0x00000000029f2800 Uncommon trap: reason=unstable_if action=reinterpret pc=0x00000000033be42c method=com.google.inject.internal.InjectorImpl.callInContext(Lcom/google/inject/internal/ContextualCallable;)Ljava/lang/Object; @ 161
Event: 3.322 Thread 0x00000000029f2800 Uncommon trap: reason=unstable_if action=reinterpret pc=0x00000000032afb44 method=java.util.HashMap$HashIterator.<init>(Ljava/util/HashMap;)V @ 45
Event: 3.336 Thread 0x00000000029f2800 Uncommon trap: reason=bimorphic action=maybe_recompile pc=0x00000000030a4bd4 method=java.util.concurrent.ConcurrentHashMap.get(Ljava/lang/Object;)Ljava/lang/Object; @ 149

Classes redefined (0 events):
No events

Internal exceptions (10 events):
Event: 1.525 Thread 0x00000000029f2800 Exception <a 'java/lang/NoClassDefFoundError': com/google/inject/servlet/ServletModuleTargetVisitor> (0x00000000d73fd8e8) thrown at [C:\re\workspace\8-2-build-windows-amd64-cygwin\jdk8u202\12323\hotspot\src\share\vm\classfile\systemDictionary.cpp, line 19
Event: 1.525 Thread 0x00000000029f2800 Exception <a 'java/lang/NoClassDefFoundError'> (0x00000000d73fd8e8) thrown at [C:\re\workspace\8-2-build-windows-amd64-cygwin\jdk8u202\12323\hotspot\src\share\vm\prims\jvm.cpp, line 1506]
Event: 1.526 Thread 0x00000000029f2800 Exception <a 'java/lang/NoClassDefFoundError': javax/annotation/Priority> (0x00000000d7402338) thrown at [C:\re\workspace\8-2-build-windows-amd64-cygwin\jdk8u202\12323\hotspot\src\share\vm\classfile\systemDictionary.cpp, line 199]
Event: 1.623 Thread 0x00000000029f2800 Implicit null exception at 0x0000000002cca915 to 0x0000000002ccaacd
Event: 2.057 Thread 0x00000000029f2800 Implicit null exception at 0x0000000002ecbb15 to 0x0000000002ecbced
Event: 2.057 Thread 0x00000000029f2800 Implicit null exception at 0x0000000002eccfef to 0x0000000002ecd059
Event: 2.084 Thread 0x00000000029f2800 Implicit null exception at 0x00000000030c44e9 to 0x00000000030c4d7d
Event: 2.084 Thread 0x00000000029f2800 Implicit null exception at 0x000000000302c3db to 0x000000000302c841
Event: 2.168 Thread 0x00000000029f2800 Implicit null exception at 0x00000000031aade5 to 0x00000000031abfa9
Event: 3.292 Thread 0x00000000029f2800 Implicit null exception at 0x00000000033bd2b9 to 0x00000000033be411

Events (10 events):
Event: 3.320 loading class org/apache/maven/shared/utils/io/DirectoryScanResult
Event: 3.320 loading class org/apache/maven/shared/utils/io/DirectoryScanResult done
Event: 3.320 loading class org/apache/maven/shared/utils/io/DirectoryScanResult
Event: 3.320 loading class org/apache/maven/shared/utils/io/DirectoryScanResult done
Event: 3.322 Thread 0x00000000029f2800 Uncommon trap: trap_request=0xffffff65 fr.pc=0x00000000032afb44
Event: 3.322 Thread 0x00000000029f2800 DEOPT PACKING pc=0x00000000032afb44 sp=0x00000000028ee1d0
Event: 3.322 Thread 0x00000000029f2800 DEOPT UNPACKING pc=0x0000000002b3583b sp=0x00000000028ee170 mode 2
Event: 3.336 Thread 0x00000000029f2800 Uncommon trap: trap_request=0xffffffc6 fr.pc=0x00000000030a4bd4
Event: 3.336 Thread 0x00000000029f2800 DEOPT PACKING pc=0x00000000030a4bd4 sp=0x00000000028edba0
Event: 3.336 Thread 0x00000000029f2800 DEOPT UNPACKING pc=0x0000000002b3583b sp=0x00000000028edb08 mode 2


Dynamic libraries:
0x00007ff60a290000 - 0x00007ff60a2c7000 	C:\Program Files\Java\jdk1.8.0_202\bin\java.exe
0x00007ffdec7b0000 - 0x00007ffdec99d000 	C:\WINDOWS\SYSTEM32\ntdll.dll
0x00007ffdebc20000 - 0x00007ffdebcd3000 	C:\WINDOWS\System32\KERNEL32.DLL
0x00007ffde9540000 - 0x00007ffde97d3000 	C:\WINDOWS\System32\KERNELBASE.dll
0x00007ffde99d0000 - 0x00007ffde9a73000 	C:\WINDOWS\System32\ADVAPI32.dll
0x00007ffdeb7e0000 - 0x00007ffdeb87e000 	C:\WINDOWS\System32\msvcrt.dll
0x00007ffdeb880000 - 0x00007ffdeb91e000 	C:\WINDOWS\System32\sechost.dll
0x00007ffdebe60000 - 0x00007ffdebf82000 	C:\WINDOWS\System32\RPCRT4.dll
0x00007ffdeb920000 - 0x00007ffdebab7000 	C:\WINDOWS\System32\USER32.dll
0x00007ffde9150000 - 0x00007ffde9170000 	C:\WINDOWS\System32\win32u.dll
0x00007ffdebbf0000 - 0x00007ffdebc19000 	C:\WINDOWS\System32\GDI32.dll
0x00007ffde93a0000 - 0x00007ffde9539000 	C:\WINDOWS\System32\gdi32full.dll
0x00007ffde97e0000 - 0x00007ffde9880000 	C:\WINDOWS\System32\msvcp_win.dll
0x00007ffde9050000 - 0x00007ffde914a000 	C:\WINDOWS\System32\ucrtbase.dll
0x00007ffdd3310000 - 0x00007ffdd3589000 	C:\WINDOWS\WinSxS\amd64_microsoft.windows.common-controls_6595b64144ccf1df_6.0.17763.802_none_05b1445c0722d2cc\COMCTL32.dll
0x00007ffdec030000 - 0x00007ffdec35c000 	C:\WINDOWS\System32\combase.dll
0x00007ffde9930000 - 0x00007ffde99ae000 	C:\WINDOWS\System32\bcryptPrimitives.dll
0x00007ffdebf90000 - 0x00007ffdebfbe000 	C:\WINDOWS\System32\IMM32.DLL
0x0000000071990000 - 0x0000000071a62000 	C:\Program Files\Java\jdk1.8.0_202\jre\bin\msvcr100.dll
0x00000000710e0000 - 0x0000000071985000 	C:\Program Files\Java\jdk1.8.0_202\jre\bin\server\jvm.dll
0x00007ffde9f00000 - 0x00007ffde9f08000 	C:\WINDOWS\System32\PSAPI.DLL
0x00007ffde6af0000 - 0x00007ffde6af9000 	C:\WINDOWS\SYSTEM32\WSOCK32.dll
0x00007ffde6990000 - 0x00007ffde69b4000 	C:\WINDOWS\SYSTEM32\WINMM.dll
0x00007ffde46b0000 - 0x00007ffde46ba000 	C:\WINDOWS\SYSTEM32\VERSION.dll
0x00007ffdebce0000 - 0x00007ffdebd4d000 	C:\WINDOWS\System32\WS2_32.dll
0x00007ffde6960000 - 0x00007ffde698d000 	C:\WINDOWS\SYSTEM32\WINMMBASE.dll
0x00007ffde9170000 - 0x00007ffde91ba000 	C:\WINDOWS\System32\cfgmgr32.dll
0x00007ffde29c0000 - 0x00007ffde29cf000 	C:\Program Files\Java\jdk1.8.0_202\jre\bin\verify.dll
0x00007ffddc530000 - 0x00007ffddc559000 	C:\Program Files\Java\jdk1.8.0_202\jre\bin\java.dll
0x00007ffde2010000 - 0x00007ffde2033000 	C:\Program Files\Java\jdk1.8.0_202\jre\bin\instrument.dll
0x00007ffde2950000 - 0x00007ffde2966000 	C:\Program Files\Java\jdk1.8.0_202\jre\bin\zip.dll
0x00007ffdea040000 - 0x00007ffdeb534000 	C:\WINDOWS\System32\SHELL32.dll
0x00007ffde9f10000 - 0x00007ffde9fb8000 	C:\WINDOWS\System32\shcore.dll
0x00007ffde8870000 - 0x00007ffde8fbd000 	C:\WINDOWS\System32\windows.storage.dll
0x00007ffde87e0000 - 0x00007ffde8804000 	C:\WINDOWS\System32\profapi.dll
0x00007ffde8810000 - 0x00007ffde886d000 	C:\WINDOWS\System32\powrprof.dll
0x00007ffdeb770000 - 0x00007ffdeb7c2000 	C:\WINDOWS\System32\shlwapi.dll
0x00007ffde87a0000 - 0x00007ffde87b1000 	C:\WINDOWS\System32\kernel.appcore.dll
0x00007ffde99b0000 - 0x00007ffde99c7000 	C:\WINDOWS\System32\cryptsp.dll
0x00007ffde1fc0000 - 0x00007ffde1fda000 	D:\IDEA\IntelliJ IDEA 2017.3.4\bin\breakgen64.dll
0x00007ffde2720000 - 0x00007ffde273a000 	C:\Program Files\Java\jdk1.8.0_202\jre\bin\net.dll
0x00007ffddc600000 - 0x00007ffddc7d7000 	C:\WINDOWS\SYSTEM32\urlmon.dll
0x00007ffdddbc0000 - 0x00007ffddde68000 	C:\WINDOWS\SYSTEM32\iertutil.dll
0x00007ffde8180000 - 0x00007ffde818c000 	C:\WINDOWS\SYSTEM32\CRYPTBASE.DLL
0x00007ffde7fb0000 - 0x00007ffde8017000 	C:\WINDOWS\system32\mswsock.dll
0x00007ffde7b30000 - 0x00007ffde7b63000 	C:\WINDOWS\system32\rsaenh.dll
0x00007ffde9020000 - 0x00007ffde9046000 	C:\WINDOWS\System32\bcrypt.dll
0x00007ffde86d0000 - 0x00007ffde86f8000 	C:\WINDOWS\SYSTEM32\USERENV.dll
0x00007ffde7cd0000 - 0x00007ffde7d0d000 	C:\WINDOWS\SYSTEM32\IPHLPAPI.DLL
0x00007ffdeb7d0000 - 0x00007ffdeb7d8000 	C:\WINDOWS\System32\NSI.dll
0x00007ffde41e0000 - 0x00007ffde41f6000 	C:\WINDOWS\SYSTEM32\dhcpcsvc6.DLL
0x00007ffde41c0000 - 0x00007ffde41dc000 	C:\WINDOWS\SYSTEM32\dhcpcsvc.DLL
0x00007ffde7d10000 - 0x00007ffde7dd6000 	C:\WINDOWS\SYSTEM32\DNSAPI.dll
0x00007ffde04d0000 - 0x00007ffde04e2000 	C:\Program Files\Java\jdk1.8.0_202\jre\bin\nio.dll
0x00007ffde3f40000 - 0x00007ffde3f4a000 	C:\Users\76133\AppData\Local\Temp\jansi-1.16-2280491099113718636.dll
0x00007ffde3f10000 - 0x00007ffde3f1a000 	C:\Users\76133\AppData\Local\Temp\jansi-1.16-7869588420328123863.dll
0x00007ffdd6b10000 - 0x00007ffdd6cfd000 	C:\WINDOWS\SYSTEM32\dbghelp.dll

VM Arguments:
jvm_args: -Dmaven.multiModuleProjectDirectory=D:\IDEACode\Code\SpringTest\itheima_ssm -Dfile.encoding=GBK -Dmaven.home=D:\apache-maven\apache-maven-3.5.2 -Dclassworlds.conf=D:\apache-maven\apache-maven-3.5.2\bin\m2.conf -javaagent:D:\IDEA\IntelliJ IDEA 2017.3.4\lib\idea_rt.jar=63582:D:\IDEA\IntelliJ IDEA 2017.3.4\bin 
java_command: org.codehaus.classworlds.Launcher -Didea.version=2017.3.4 -s D:\apache-maven\apache-maven-3.5.2\conf\settings.xml -Dmaven.repo.local=D:\apache-maven\maven_repository -DskipTests=true -Dmaven.tomcat.uriEncoding=UTF-8 tomcat7:run
java_class_path (initial): D:\apache-maven\apache-maven-3.5.2\boot\plexus-classworlds-2.5.2.jar;D:\IDEA\IntelliJ IDEA 2017.3.4\lib\idea_rt.jar
Launcher Type: SUN_STANDARD

Environment Variables:
JAVA_HOME=C:\Program Files\Java\jdk1.8.0_202
CLASSPATH=.;C:\Program Files\Java\jdk1.8.0_202\lib\dt.jar;C:\Program Files\Java\jdk1.8.0_202\lib\tools.jar;
PATH=C:\Program Files (x86)\Common Files\Oracle\Java\javapath;C:\WINDOWS\system32;C:\WINDOWS;C:\WINDOWS\System32\Wbem;C:\WINDOWS\System32\WindowsPowerShell\v1.0\;C:\WINDOWS\System32\OpenSSH\;C:\Program Files\Java\jdk1.8.0_202\bin;C:\Program Files\Java\jdk1.8.0_202\jre\bin;C:\Program Files (x86)\Microsoft SQL Server\100\Tools\Binn\;C:\Program Files\Microsoft SQL Server\100\Tools\Binn\;C:\Program Files\Microsoft SQL Server\100\DTS\Binn\;D:\ph;D:\MySQL\bin;D:\Tomcat\apache-tomcat-8.5.31\bin;D:\apache-maven\apache-maven-3.5.2\bin;C:\Users\76133\AppData\Local\Microsoft\WindowsApps;
USERNAME=76133
OS=Windows_NT
PROCESSOR_IDENTIFIER=Intel64 Family 6 Model 94 Stepping 3, GenuineIntel



---------------  S Y S T E M  ---------------

OS: Windows 10.0 , 64 bit Build 17763 (10.0.17763.475)

CPU:total 4 (initial active 4) (4 cores per cpu, 1 threads per core) family 6 model 94 stepping 3, cmov, cx8, fxsr, mmx, sse, sse2, sse3, ssse3, sse4.1, sse4.2, popcnt, avx, avx2, aes, clmul, erms, rtm, 3dnowpref, lzcnt, tsc, tscinvbit, bmi1, bmi2, adx

Memory: 4k page, physical 8178668k(969564k free), swap 13159404k(4107924k free)

vm_info: Java HotSpot(TM) 64-Bit Server VM (25.202-b08) for windows-amd64 JRE (1.8.0_202-b08), built on Dec 15 2018 19:54:30 by "java_re" with MS VC++ 10.0 (VS2010)

time: Mon Nov 11 08:48:51 2019
timezone: 中国标准时间
elapsed time: 3 seconds (0d 0h 0m 3s)

