#
# A fatal error has been detected by the Java Runtime Environment:
#
#  EXCEPTION_ACCESS_VIOLATION (0xc0000005) at pc=0x00000000713b98f7, pid=206872, tid=0x0000000000032a30
#
# JRE version: Java(TM) SE Runtime Environment (8.0_202-b08) (build 1.8.0_202-b08)
# Java VM: Java HotSpot(TM) 64-Bit Server VM (25.202-b08 mixed mode windows-amd64 compressed oops)
# Problematic frame:
# V  [jvm.dll+0x4698f7]
#
# Failed to write core dump. Minidumps are not enabled by default on client versions of Windows
#
# If you would like to submit a bug report, please visit:
#   http://bugreport.java.com/bugreport/crash.jsp
#

---------------  T H R E A D  ---------------

Current thread (0x000000001870e000):  JavaThread "C2 CompilerThread1" daemon [_thread_in_native, id=207408, stack(0x0000000018ee0000,0x0000000018fe0000)]

siginfo: ExceptionCode=0xc0000005, reading address 0x00000000000000b8

Registers:
RAX=0x0000000000000000, RBX=0x0000000000000000, RCX=0x000000001532b3c8, RDX=0x0000000000000000
RSP=0x0000000018fdc4e0, RBP=0xffffffffffffffff, RSI=0x000000001532b3c8, RDI=0x000000001b214bb0
R8 =0x00000000ffffffff, R9 =0x0000000000000001, R10=0x000000000000005a, R11=0x0000000000000050
R12=0x0000000018fdc8f0, R13=0x0000000000000000, R14=0x0000000070f50000, R15=0x0000000000000001
RIP=0x00000000713b98f7, EFLAGS=0x0000000000010202

Top of Stack: (sp=0x0000000018fdc4e0)
0x0000000018fdc4e0:   000000001e8a91a0 000000001d32b330
0x0000000018fdc4f0:   000000001b214bb0 ffffffffffffffff
0x0000000018fdc500:   000000000000039d 000000001b214bb0
0x0000000018fdc510:   0000000000000080 000000000000039d
0x0000000018fdc520:   0000000000000000 0000000000000000
0x0000000018fdc530:   0000000018fdc600 00000000000003d8
0x0000000018fdc540:   0000000018743ef8 0000000018743b20
0x0000000018fdc550:   0000000018fdc680 0000000000000000
0x0000000018fdc560:   0000000018fdc8f0 0000000018743b10
0x0000000018fdc570:   0000000018fdca00 00000000713bc919
0x0000000018fdc580:   0000000018fdc8f0 0000000018fdc601
0x0000000018fdc590:   00000000ffffffff 0000000000000010
0x0000000018fdc5a0:   0000000000000006 0000000018743b10
0x0000000018fdc5b0:   000000001cc0dca0 000000001cc100e8
0x0000000018fdc5c0:   000000001cc15c88 0000000000b2a208
0x0000000018fdc5d0:   0000000000000006 0000000018743720 

Instructions: (pc=0x00000000713b98f7)
0x00000000713b98d7:   00 00 8b 5e 18 41 83 c8 ff 89 5c 24 24 44 89 84
0x00000000713b98e7:   24 b0 00 00 00 45 84 c9 74 38 48 8b 06 48 8b ce
0x00000000713b98f7:   ff 90 b8 00 00 00 44 8b c0 89 84 24 b0 00 00 00
0x00000000713b9907:   83 f8 ff 74 14 8b d0 48 8b ce e8 8a 39 07 00 44 


Register to memory mapping:

RAX=0x0000000000000000 is an unknown value
RBX=0x0000000000000000 is an unknown value
RCX=0x000000001532b3c8 is an unknown value
RDX=0x0000000000000000 is an unknown value
RSP=0x0000000018fdc4e0 is pointing into the stack for thread: 0x000000001870e000
RBP=0xffffffffffffffff is an unknown value
RSI=0x000000001532b3c8 is an unknown value
RDI=0x000000001b214bb0 is an unknown value
R8 =0x00000000ffffffff is an unallocated location in the heap
R9 =0x0000000000000001 is an unknown value
R10=0x000000000000005a is an unknown value
R11=0x0000000000000050 is an unknown value
R12=0x0000000018fdc8f0 is pointing into the stack for thread: 0x000000001870e000
R13=0x0000000000000000 is an unknown value
R14=0x0000000070f50000 is an unknown value
R15=0x0000000000000001 is an unknown value


Stack: [0x0000000018ee0000,0x0000000018fe0000],  sp=0x0000000018fdc4e0,  free space=1009k
Native frames: (J=compiled Java code, j=interpreted, Vv=VM code, C=native code)
V  [jvm.dll+0x4698f7]
V  [jvm.dll+0x46c919]
V  [jvm.dll+0x477e7b]
V  [jvm.dll+0x47a787]
V  [jvm.dll+0x45d002]
V  [jvm.dll+0xa6ca2]
V  [jvm.dll+0xa75ef]
V  [jvm.dll+0x24672f]
V  [jvm.dll+0x29fc6a]
C  [msvcr100.dll+0x21d9f]
C  [msvcr100.dll+0x21e3b]
C  [KERNEL32.DLL+0x17974]
C  [ntdll.dll+0x6a271]


Current CompileTask:
C2:   2390 1594       4       java.net.URLClassLoader$1::run (5 bytes)


---------------  P R O C E S S  ---------------

Java Threads: ( => current thread )
  0x00000000187a3000 JavaThread "Service Thread" daemon [_thread_blocked, id=208288, stack(0x00000000190e0000,0x00000000191e0000)]
  0x000000001870f800 JavaThread "C1 CompilerThread2" daemon [_thread_blocked, id=208180, stack(0x0000000018fe0000,0x00000000190e0000)]
=>0x000000001870e000 JavaThread "C2 CompilerThread1" daemon [_thread_in_native, id=207408, stack(0x0000000018ee0000,0x0000000018fe0000)]
  0x000000001870c800 JavaThread "C2 CompilerThread0" daemon [_thread_in_native, id=201036, stack(0x0000000018de0000,0x0000000018ee0000)]
  0x0000000018708000 JavaThread "Monitor Ctrl-Break" daemon [_thread_in_native, id=200348, stack(0x0000000018ce0000,0x0000000018de0000)]
  0x000000001738e800 JavaThread "Attach Listener" daemon [_thread_blocked, id=208776, stack(0x0000000018be0000,0x0000000018ce0000)]
  0x00000000186e8800 JavaThread "Signal Dispatcher" daemon [_thread_blocked, id=200752, stack(0x0000000018ae0000,0x0000000018be0000)]
  0x000000000292b000 JavaThread "Finalizer" daemon [_thread_blocked, id=207668, stack(0x00000000185e0000,0x00000000186e0000)]
  0x0000000002922000 JavaThread "Reference Handler" daemon [_thread_blocked, id=205864, stack(0x00000000184e0000,0x00000000185e0000)]
  0x0000000002832800 JavaThread "main" [_thread_in_vm, id=207612, stack(0x0000000002160000,0x0000000002260000)]

Other Threads:
  0x0000000017347800 VMThread [stack: 0x00000000183e0000,0x00000000184e0000] [id=208668]
  0x00000000187b4000 WatcherThread [stack: 0x00000000191e0000,0x00000000192e0000] [id=208236]

VM state:not at safepoint (normal execution)

VM Mutex/Monitor currently owned by a thread: None

heap address: 0x0000000083200000, size: 1998 MB, Compressed Oops mode: 32-bit
Narrow klass base: 0x0000000000000000, Narrow klass shift: 3
Compressed class space size: 1073741824 Address: 0x0000000100000000

Heap:
 PSYoungGen      total 37888K, used 34539K [0x00000000d6600000, 0x00000000db000000, 0x0000000100000000)
  eden space 32768K, 89% used [0x00000000d6600000,0x00000000d82bec68,0x00000000d8600000)
  from space 5120K, 99% used [0x00000000d8600000,0x00000000d8afc080,0x00000000d8b00000)
  to   space 5120K, 0% used [0x00000000dab00000,0x00000000dab00000,0x00000000db000000)
 ParOldGen       total 86016K, used 5002K [0x0000000083200000, 0x0000000088600000, 0x00000000d6600000)
  object space 86016K, 5% used [0x0000000083200000,0x00000000836e2850,0x0000000088600000)
 Metaspace       used 16431K, capacity 16806K, committed 17024K, reserved 1064960K
  class space    used 1991K, capacity 2111K, committed 2176K, reserved 1048576K

Card table byte_map: [0x0000000011cf0000,0x00000000120e0000] byte_map_base: 0x00000000118d7000

Marking Bits: (ParMarkBitMap*) 0x0000000071775ce0
 Begin Bits: [0x0000000012780000, 0x00000000146b8000)
 End Bits:   [0x00000000146b8000, 0x00000000165f0000)

Polling page: 0x0000000000b10000

CodeCache: size=245760Kb used=7113Kb max_used=7113Kb free=238646Kb
 bounds [0x0000000002930000, 0x0000000003030000, 0x0000000011930000]
 total_blobs=2677 nmethods=2300 adapters=289
 compilation: enabled

Compilation events (10 events):
Event: 2.312 Thread 0x000000001870f800 nmethod 2250 0x0000000003006550 code [0x00000000030066a0, 0x00000000030067b0]
Event: 2.313 Thread 0x000000001870f800 2251       2       java.io.File::getName (42 bytes)
Event: 2.313 Thread 0x000000001870f800 nmethod 2251 0x0000000003006810 code [0x00000000030069a0, 0x0000000003006ba8]
Event: 2.314 Thread 0x000000001870f800 2252       3       java.util.Properties$LineReader::readLine (468 bytes)
Event: 2.315 Thread 0x000000001870f800 nmethod 2252 0x0000000003006d10 code [0x0000000003006fc0, 0x0000000003008968]
Event: 2.315 Thread 0x000000001870f800 2253       2       org.eclipse.sisu.wire.EntrySetAdapter$ValueIterator::hasNext (10 bytes)
Event: 2.316 Thread 0x000000001870f800 nmethod 2253 0x0000000003009450 code [0x00000000030095c0, 0x0000000003009748]
Event: 2.316 Thread 0x000000001870f800 2254       1       org.eclipse.aether.resolution.ArtifactRequest::getTrace (5 bytes)
Event: 2.316 Thread 0x000000001870f800 nmethod 2254 0x00000000030097d0 code [0x0000000003009920, 0x0000000003009a30]
Event: 2.316 Thread 0x000000001870f800 2256       2       org.eclipse.sisu.wire.EntrySetAdapter::iterator (12 bytes)

GC Heap History (6 events):
Event: 1.028 GC heap before
{Heap before GC invocations=1 (full 0):
 PSYoungGen      total 37888K, used 32768K [0x00000000d6600000, 0x00000000d9000000, 0x0000000100000000)
  eden space 32768K, 100% used [0x00000000d6600000,0x00000000d8600000,0x00000000d8600000)
  from space 5120K, 0% used [0x00000000d8b00000,0x00000000d8b00000,0x00000000d9000000)
  to   space 5120K, 0% used [0x00000000d8600000,0x00000000d8600000,0x00000000d8b00000)
 ParOldGen       total 86016K, used 0K [0x0000000083200000, 0x0000000088600000, 0x00000000d6600000)
  object space 86016K, 0% used [0x0000000083200000,0x0000000083200000,0x0000000088600000)
 Metaspace       used 8789K, capacity 8968K, committed 9088K, reserved 1056768K
  class space    used 1059K, capacity 1116K, committed 1152K, reserved 1048576K
Event: 1.037 GC heap after
Heap after GC invocations=1 (full 0):
 PSYoungGen      total 37888K, used 5091K [0x00000000d6600000, 0x00000000d9000000, 0x0000000100000000)
  eden space 32768K, 0% used [0x00000000d6600000,0x00000000d6600000,0x00000000d8600000)
  from space 5120K, 99% used [0x00000000d8600000,0x00000000d8af8dc0,0x00000000d8b00000)
  to   space 5120K, 0% used [0x00000000d8b00000,0x00000000d8b00000,0x00000000d9000000)
 ParOldGen       total 86016K, used 170K [0x0000000083200000, 0x0000000088600000, 0x00000000d6600000)
  object space 86016K, 0% used [0x0000000083200000,0x000000008322ab48,0x0000000088600000)
 Metaspace       used 8789K, capacity 8968K, committed 9088K, reserved 1056768K
  class space    used 1059K, capacity 1116K, committed 1152K, reserved 1048576K
}
Event: 1.376 GC heap before
{Heap before GC invocations=2 (full 0):
 PSYoungGen      total 37888K, used 37859K [0x00000000d6600000, 0x00000000d9000000, 0x0000000100000000)
  eden space 32768K, 100% used [0x00000000d6600000,0x00000000d8600000,0x00000000d8600000)
  from space 5120K, 99% used [0x00000000d8600000,0x00000000d8af8dc0,0x00000000d8b00000)
  to   space 5120K, 0% used [0x00000000d8b00000,0x00000000d8b00000,0x00000000d9000000)
 ParOldGen       total 86016K, used 170K [0x0000000083200000, 0x0000000088600000, 0x00000000d6600000)
  object space 86016K, 0% used [0x0000000083200000,0x000000008322ab48,0x0000000088600000)
 Metaspace       used 11816K, capacity 12106K, committed 12416K, reserved 1060864K
  class space    used 1459K, capacity 1543K, committed 1664K, reserved 1048576K
Event: 1.382 GC heap after
Heap after GC invocations=2 (full 0):
 PSYoungGen      total 37888K, used 5119K [0x00000000d6600000, 0x00000000db000000, 0x0000000100000000)
  eden space 32768K, 0% used [0x00000000d6600000,0x00000000d6600000,0x00000000d8600000)
  from space 5120K, 99% used [0x00000000d8b00000,0x00000000d8fffc20,0x00000000d9000000)
  to   space 5120K, 0% used [0x00000000d8600000,0x00000000d8600000,0x00000000d8b00000)
 ParOldGen       total 86016K, used 1721K [0x0000000083200000, 0x0000000088600000, 0x00000000d6600000)
  object space 86016K, 2% used [0x0000000083200000,0x00000000833ae6d8,0x0000000088600000)
 Metaspace       used 11816K, capacity 12106K, committed 12416K, reserved 1060864K
  class space    used 1459K, capacity 1543K, committed 1664K, reserved 1048576K
}
Event: 2.015 GC heap before
{Heap before GC invocations=3 (full 0):
 PSYoungGen      total 37888K, used 37887K [0x00000000d6600000, 0x00000000db000000, 0x0000000100000000)
  eden space 32768K, 100% used [0x00000000d6600000,0x00000000d8600000,0x00000000d8600000)
  from space 5120K, 99% used [0x00000000d8b00000,0x00000000d8fffc20,0x00000000d9000000)
  to   space 5120K, 0% used [0x00000000d8600000,0x00000000d8600000,0x00000000d8b00000)
 ParOldGen       total 86016K, used 1721K [0x0000000083200000, 0x0000000088600000, 0x00000000d6600000)
  object space 86016K, 2% used [0x0000000083200000,0x00000000833ae6d8,0x0000000088600000)
 Metaspace       used 15462K, capacity 15772K, committed 16128K, reserved 1062912K
  class space    used 1893K, capacity 2004K, committed 2048K, reserved 1048576K
Event: 2.023 GC heap after
Heap after GC invocations=3 (full 0):
 PSYoungGen      total 37888K, used 5104K [0x00000000d6600000, 0x00000000db000000, 0x0000000100000000)
  eden space 32768K, 0% used [0x00000000d6600000,0x00000000d6600000,0x00000000d8600000)
  from space 5120K, 99% used [0x00000000d8600000,0x00000000d8afc080,0x00000000d8b00000)
  to   space 5120K, 0% used [0x00000000dab00000,0x00000000dab00000,0x00000000db000000)
 ParOldGen       total 86016K, used 5002K [0x0000000083200000, 0x0000000088600000, 0x00000000d6600000)
  object space 86016K, 5% used [0x0000000083200000,0x00000000836e2850,0x0000000088600000)
 Metaspace       used 15462K, capacity 15772K, committed 16128K, reserved 1062912K
  class space    used 1893K, capacity 2004K, committed 2048K, reserved 1048576K
}

Deoptimization events (10 events):
Event: 1.903 Thread 0x0000000002832800 Uncommon trap: reason=unstable_if action=reinterpret pc=0x0000000002af9ef0 method=java.lang.String.replace(CC)Ljava/lang/String; @ 2
Event: 1.910 Thread 0x0000000002832800 Uncommon trap: reason=unstable_if action=reinterpret pc=0x0000000002c41e6c method=org.codehaus.plexus.util.xml.pull.MXParser.nextImpl()I @ 241
Event: 1.959 Thread 0x0000000002832800 Uncommon trap: reason=unstable_if action=reinterpret pc=0x0000000002e6de60 method=org.codehaus.plexus.util.xml.pull.MXParser.isS(C)Z @ 21
Event: 2.037 Thread 0x0000000002832800 Uncommon trap: reason=unstable_if action=reinterpret pc=0x0000000002d0d4bc method=java.util.HashMap.hash(Ljava/lang/Object;)I @ 1
Event: 2.037 Thread 0x0000000002832800 Uncommon trap: reason=unstable_if action=reinterpret pc=0x0000000002cb53a8 method=java.util.HashMap.hash(Ljava/lang/Object;)I @ 1
Event: 2.060 Thread 0x0000000002832800 Uncommon trap: reason=unstable_if action=reinterpret pc=0x0000000002d7cab0 method=java.util.HashMap.hash(Ljava/lang/Object;)I @ 1
Event: 2.139 Thread 0x0000000002832800 Uncommon trap: reason=predicate action=maybe_recompile pc=0x0000000002e97e98 method=java.nio.charset.CharsetDecoder.decode(Ljava/nio/ByteBuffer;Ljava/nio/CharBuffer;Z)Ljava/nio/charset/CoderResult; @ 54
Event: 2.139 Thread 0x0000000002832800 Uncommon trap: reason=predicate action=maybe_recompile pc=0x0000000002c0fb90 method=java.nio.charset.CharsetDecoder.decode(Ljava/nio/ByteBuffer;Ljava/nio/CharBuffer;Z)Ljava/nio/charset/CoderResult; @ 54
Event: 2.144 Thread 0x0000000002832800 Uncommon trap: reason=unstable_if action=reinterpret pc=0x0000000002ea4b74 method=org.codehaus.plexus.util.xml.pull.MXParser.isS(C)Z @ 21
Event: 2.163 Thread 0x0000000002832800 Uncommon trap: reason=unstable_if action=reinterpret pc=0x0000000002d06fc4 method=java.util.HashMap.getNode(ILjava/lang/Object;)Ljava/util/HashMap$Node; @ 53

Classes redefined (0 events):
No events

Internal exceptions (10 events):
Event: 0.961 Thread 0x0000000002832800 Exception <a 'java/lang/ArrayIndexOutOfBoundsException'> (0x00000000d7f26908) thrown at [C:\re\workspace\8-2-build-windows-amd64-cygwin\jdk8u202\12323\hotspot\src\share\vm\runtime\sharedRuntime.cpp, line 605]
Event: 0.962 Thread 0x0000000002832800 Exception <a 'java/lang/ArrayIndexOutOfBoundsException': 29> (0x00000000d7f27770) thrown at [C:\re\workspace\8-2-build-windows-amd64-cygwin\jdk8u202\12323\hotspot\src\share\vm\interpreter\interpreterRuntime.cpp, line 368]
Event: 0.962 Thread 0x0000000002832800 Exception <a 'java/lang/ArrayIndexOutOfBoundsException': 112> (0x00000000d7f28f90) thrown at [C:\re\workspace\8-2-build-windows-amd64-cygwin\jdk8u202\12323\hotspot\src\share\vm\interpreter\interpreterRuntime.cpp, line 368]
Event: 1.592 Thread 0x0000000002832800 Exception <a 'java/lang/NoClassDefFoundError': com/google/inject/servlet/ServletModuleTargetVisitor> (0x00000000d73ed970) thrown at [C:\re\workspace\8-2-build-windows-amd64-cygwin\jdk8u202\12323\hotspot\src\share\vm\classfile\systemDictionary.cpp, line 19
Event: 1.592 Thread 0x0000000002832800 Exception <a 'java/lang/NoClassDefFoundError'> (0x00000000d73ed970) thrown at [C:\re\workspace\8-2-build-windows-amd64-cygwin\jdk8u202\12323\hotspot\src\share\vm\prims\jvm.cpp, line 1506]
Event: 1.592 Thread 0x0000000002832800 Exception <a 'java/lang/NoClassDefFoundError': javax/annotation/Priority> (0x00000000d73f23c0) thrown at [C:\re\workspace\8-2-build-windows-amd64-cygwin\jdk8u202\12323\hotspot\src\share\vm\classfile\systemDictionary.cpp, line 199]
Event: 1.684 Thread 0x0000000002832800 Implicit null exception at 0x0000000002ad79d5 to 0x0000000002ad7b8d
Event: 2.037 Thread 0x0000000002832800 Implicit null exception at 0x0000000002d0d2d5 to 0x0000000002d0d4ad
Event: 2.037 Thread 0x0000000002832800 Implicit null exception at 0x0000000002cb532f to 0x0000000002cb5399
Event: 2.060 Thread 0x0000000002832800 Implicit null exception at 0x0000000002d7ca18 to 0x0000000002d7caa6

Events (10 events):
Event: 2.168 loading class java/util/Hashtable$KeySet
Event: 2.168 loading class java/util/Hashtable$KeySet done
Event: 2.173 loading class org/apache/maven/plugin/DefaultPluginRealmCache$CacheKey
Event: 2.173 loading class org/apache/maven/plugin/DefaultPluginRealmCache$CacheKey done
Event: 2.174 loading class org/apache/maven/plugin/internal/PlexusUtilsInjector
Event: 2.174 loading class org/apache/maven/plugin/internal/PlexusUtilsInjector done
Event: 2.174 loading class org/apache/maven/plugin/internal/WagonExcluder
Event: 2.174 loading class org/apache/maven/plugin/internal/WagonExcluder done
Event: 2.314 Thread 0x0000000002832800 DEOPT PACKING pc=0x0000000002f30692 sp=0x000000000225d980
Event: 2.314 Thread 0x0000000002832800 DEOPT UNPACKING pc=0x0000000002977890 sp=0x000000000225d6e8 mode 0


Dynamic libraries:
0x00007ff737130000 - 0x00007ff737167000 	C:\Program Files\Java\jdk1.8.0_202\bin\java.exe
0x00007ffdec7b0000 - 0x00007ffdec99d000 	C:\WINDOWS\SYSTEM32\ntdll.dll
0x00007ffdebc20000 - 0x00007ffdebcd3000 	C:\WINDOWS\System32\KERNEL32.DLL
0x00007ffde9540000 - 0x00007ffde97d3000 	C:\WINDOWS\System32\KERNELBASE.dll
0x00007ffde99d0000 - 0x00007ffde9a73000 	C:\WINDOWS\System32\ADVAPI32.dll
0x00007ffdeb7e0000 - 0x00007ffdeb87e000 	C:\WINDOWS\System32\msvcrt.dll
0x00007ffdeb880000 - 0x00007ffdeb91e000 	C:\WINDOWS\System32\sechost.dll
0x00007ffdebe60000 - 0x00007ffdebf82000 	C:\WINDOWS\System32\RPCRT4.dll
0x00007ffdeb920000 - 0x00007ffdebab7000 	C:\WINDOWS\System32\USER32.dll
0x00007ffde9150000 - 0x00007ffde9170000 	C:\WINDOWS\System32\win32u.dll
0x00007ffdebbf0000 - 0x00007ffdebc19000 	C:\WINDOWS\System32\GDI32.dll
0x00007ffde93a0000 - 0x00007ffde9539000 	C:\WINDOWS\System32\gdi32full.dll
0x00007ffde97e0000 - 0x00007ffde9880000 	C:\WINDOWS\System32\msvcp_win.dll
0x00007ffde9050000 - 0x00007ffde914a000 	C:\WINDOWS\System32\ucrtbase.dll
0x00007ffdd3310000 - 0x00007ffdd3589000 	C:\WINDOWS\WinSxS\amd64_microsoft.windows.common-controls_6595b64144ccf1df_6.0.17763.802_none_05b1445c0722d2cc\COMCTL32.dll
0x00007ffdec030000 - 0x00007ffdec35c000 	C:\WINDOWS\System32\combase.dll
0x00007ffde9930000 - 0x00007ffde99ae000 	C:\WINDOWS\System32\bcryptPrimitives.dll
0x00007ffdebf90000 - 0x00007ffdebfbe000 	C:\WINDOWS\System32\IMM32.DLL
0x00000000721d0000 - 0x00000000722a2000 	C:\Program Files\Java\jdk1.8.0_202\jre\bin\msvcr100.dll
0x0000000070f50000 - 0x00000000717f5000 	C:\Program Files\Java\jdk1.8.0_202\jre\bin\server\jvm.dll
0x00007ffde9f00000 - 0x00007ffde9f08000 	C:\WINDOWS\System32\PSAPI.DLL
0x00007ffde6ae0000 - 0x00007ffde6ae9000 	C:\WINDOWS\SYSTEM32\WSOCK32.dll
0x00007ffde6990000 - 0x00007ffde69b4000 	C:\WINDOWS\SYSTEM32\WINMM.dll
0x00007ffde46b0000 - 0x00007ffde46ba000 	C:\WINDOWS\SYSTEM32\VERSION.dll
0x00007ffdebce0000 - 0x00007ffdebd4d000 	C:\WINDOWS\System32\WS2_32.dll
0x00007ffde6960000 - 0x00007ffde698d000 	C:\WINDOWS\SYSTEM32\WINMMBASE.dll
0x00007ffde9170000 - 0x00007ffde91ba000 	C:\WINDOWS\System32\cfgmgr32.dll
0x00007ffde3f30000 - 0x00007ffde3f3f000 	C:\Program Files\Java\jdk1.8.0_202\jre\bin\verify.dll
0x00007ffddac70000 - 0x00007ffddac99000 	C:\Program Files\Java\jdk1.8.0_202\jre\bin\java.dll
0x00007ffddac40000 - 0x00007ffddac63000 	C:\Program Files\Java\jdk1.8.0_202\jre\bin\instrument.dll
0x00007ffde04b0000 - 0x00007ffde04c6000 	C:\Program Files\Java\jdk1.8.0_202\jre\bin\zip.dll
0x00007ffdea040000 - 0x00007ffdeb534000 	C:\WINDOWS\System32\SHELL32.dll
0x00007ffde9f10000 - 0x00007ffde9fb8000 	C:\WINDOWS\System32\shcore.dll
0x00007ffde8870000 - 0x00007ffde8fbd000 	C:\WINDOWS\System32\windows.storage.dll
0x00007ffde87e0000 - 0x00007ffde8804000 	C:\WINDOWS\System32\profapi.dll
0x00007ffde8810000 - 0x00007ffde886d000 	C:\WINDOWS\System32\powrprof.dll
0x00007ffdeb770000 - 0x00007ffdeb7c2000 	C:\WINDOWS\System32\shlwapi.dll
0x00007ffde87a0000 - 0x00007ffde87b1000 	C:\WINDOWS\System32\kernel.appcore.dll
0x00007ffde99b0000 - 0x00007ffde99c7000 	C:\WINDOWS\System32\cryptsp.dll
0x00007ffddd950000 - 0x00007ffddd96a000 	D:\IDEA\IntelliJ IDEA 2017.3.4\bin\breakgen64.dll
0x00007ffddac20000 - 0x00007ffddac3a000 	C:\Program Files\Java\jdk1.8.0_202\jre\bin\net.dll
0x00007ffddc600000 - 0x00007ffddc7d7000 	C:\WINDOWS\SYSTEM32\urlmon.dll
0x00007ffdddbc0000 - 0x00007ffddde68000 	C:\WINDOWS\SYSTEM32\iertutil.dll
0x00007ffde8180000 - 0x00007ffde818c000 	C:\WINDOWS\SYSTEM32\CRYPTBASE.DLL
0x00007ffde7fb0000 - 0x00007ffde8017000 	C:\WINDOWS\system32\mswsock.dll
0x00007ffde7b30000 - 0x00007ffde7b63000 	C:\WINDOWS\system32\rsaenh.dll
0x00007ffde9020000 - 0x00007ffde9046000 	C:\WINDOWS\System32\bcrypt.dll
0x00007ffde86d0000 - 0x00007ffde86f8000 	C:\WINDOWS\SYSTEM32\USERENV.dll
0x00007ffde7cd0000 - 0x00007ffde7d0d000 	C:\WINDOWS\SYSTEM32\IPHLPAPI.DLL
0x00007ffdeb7d0000 - 0x00007ffdeb7d8000 	C:\WINDOWS\System32\NSI.dll
0x00007ffde41e0000 - 0x00007ffde41f6000 	C:\WINDOWS\SYSTEM32\dhcpcsvc6.DLL
0x00007ffde41c0000 - 0x00007ffde41dc000 	C:\WINDOWS\SYSTEM32\dhcpcsvc.DLL
0x00007ffde7d10000 - 0x00007ffde7dd6000 	C:\WINDOWS\SYSTEM32\DNSAPI.dll
0x00007ffddac00000 - 0x00007ffddac12000 	C:\Program Files\Java\jdk1.8.0_202\jre\bin\nio.dll
0x00007ffde2950000 - 0x00007ffde295a000 	C:\Users\76133\AppData\Local\Temp\jansi-1.16-625586318945855861.dll
0x00007ffde1f00000 - 0x00007ffde1f0a000 	C:\Users\76133\AppData\Local\Temp\jansi-1.16-3481437386020261077.dll
0x00007ffdd6b10000 - 0x00007ffdd6cfd000 	C:\WINDOWS\SYSTEM32\dbghelp.dll

VM Arguments:
jvm_args: -Dmaven.multiModuleProjectDirectory=D:\IDEACode\Code\SpringTest\itheima_ssm -Dfile.encoding=GBK -Dmaven.home=D:\apache-maven\apache-maven-3.5.2 -Dclassworlds.conf=D:\apache-maven\apache-maven-3.5.2\bin\m2.conf -javaagent:D:\IDEA\IntelliJ IDEA 2017.3.4\lib\idea_rt.jar=54553:D:\IDEA\IntelliJ IDEA 2017.3.4\bin 
java_command: org.codehaus.classworlds.Launcher -Didea.version=2017.3.4 -s D:\apache-maven\apache-maven-3.5.2\conf\settings.xml -Dmaven.repo.local=D:\apache-maven\maven_repository -DskipTests=true -Dmaven.tomcat.uriEncoding=UTF-8 tomcat7:run
java_class_path (initial): D:\apache-maven\apache-maven-3.5.2\boot\plexus-classworlds-2.5.2.jar;D:\IDEA\IntelliJ IDEA 2017.3.4\lib\idea_rt.jar
Launcher Type: SUN_STANDARD

Environment Variables:
JAVA_HOME=C:\Program Files\Java\jdk1.8.0_202
CLASSPATH=.;C:\Program Files\Java\jdk1.8.0_202\lib\dt.jar;C:\Program Files\Java\jdk1.8.0_202\lib\tools.jar;
PATH=C:\Program Files (x86)\Common Files\Oracle\Java\javapath;C:\WINDOWS\system32;C:\WINDOWS;C:\WINDOWS\System32\Wbem;C:\WINDOWS\System32\WindowsPowerShell\v1.0\;C:\WINDOWS\System32\OpenSSH\;C:\Program Files\Java\jdk1.8.0_202\bin;C:\Program Files\Java\jdk1.8.0_202\jre\bin;C:\Program Files (x86)\Microsoft SQL Server\100\Tools\Binn\;C:\Program Files\Microsoft SQL Server\100\Tools\Binn\;C:\Program Files\Microsoft SQL Server\100\DTS\Binn\;D:\ph;D:\MySQL\bin;D:\Tomcat\apache-tomcat-8.5.31\bin;D:\apache-maven\apache-maven-3.5.2\bin;C:\Users\76133\AppData\Local\Microsoft\WindowsApps;
USERNAME=76133
OS=Windows_NT
PROCESSOR_IDENTIFIER=Intel64 Family 6 Model 94 Stepping 3, GenuineIntel



---------------  S Y S T E M  ---------------

OS: Windows 10.0 , 64 bit Build 17763 (10.0.17763.475)

CPU:total 4 (initial active 4) (4 cores per cpu, 1 threads per core) family 6 model 94 stepping 3, cmov, cx8, fxsr, mmx, sse, sse2, sse3, ssse3, sse4.1, sse4.2, popcnt, avx, avx2, aes, clmul, erms, rtm, 3dnowpref, lzcnt, tsc, tscinvbit, bmi1, bmi2, adx

Memory: 4k page, physical 8178668k(591904k free), swap 13159404k(2461228k free)

vm_info: Java HotSpot(TM) 64-Bit Server VM (25.202-b08) for windows-amd64 JRE (1.8.0_202-b08), built on Dec 15 2018 19:54:30 by "java_re" with MS VC++ 10.0 (VS2010)

time: Sun Nov 10 17:17:50 2019
timezone: 中国标准时间
elapsed time: 2 seconds (0d 0h 0m 2s)

